codec.h(16) : error C2220: warning treated as error - no object file generated
codec.h(16) : error C4099: 'IAdapterCommon' : type name first seen using 'struct' now seen using 'class'
common.h(233) : error see declaration of 'IAdapterCommon'
codec.h(47) : error C2629: unexpected 'class HDA_Codec ('
codec.h(47) : error C2238: unexpected token(s) preceding ';'
common.cpp(1338) : error C2661: 'HDA_Codec::HDA_Codec' : no overloaded function takes 2 parameters
common.cpp(1396) : error C2661: 'HDA_Codec::HDA_Codec' : no overloaded function takes 2 parameters
common.cpp(1447) : error C2661: 'HDA_Codec::HDA_Codec' : no overloaded function takes 2 parameters
codec.h(16) : error C2220: warning treated as error - no object file generated
codec.h(16) : error C4099: 'IAdapterCommon' : type name first seen using 'struct' now seen using 'class'
common.h(233) : error see declaration of 'IAdapterCommon'
codec.h(47) : error C2629: unexpected 'class HDA_Codec ('
codec.h(47) : error C2238: unexpected token(s) preceding ';'
codec.cpp(20) : error C2065: 'CAdapterCommon' : undeclared identifier
codec.cpp(20) : error C2065: 'adapter' : undeclared identifier
codec.cpp(20) : error C2275: 'UCHAR' : illegal use of this type as an expression
c:\ntddk\inc\ntdef.h(360) : error see declaration of 'UCHAR'
codec.cpp(20) : error C2146: syntax error : missing ')' before identifier 'address'
codec.cpp(20) : error C2350: 'HDA_Codec::HDA_Codec::HDA_Codec' is not a static member
codec.cpp(20) : error C2078: too many initializers
codec.cpp(20) : error C2275: 'UCHAR' : illegal use of this type as an expression
c:\ntddk\inc\ntdef.h(360) : error see declaration of 'UCHAR'
codec.cpp(20) : error C2059: syntax error : ')'
codec.cpp(21) : error C2501: 'pAdapter' : missing storage-class or type specifiers
codec.cpp(22) : error C2065: 'address' : undeclared identifier
codec.cpp(22) : error C2501: 'codec_address' : missing storage-class or type specifiers
codec.cpp(23) : error C2501: 'codec_id' : missing storage-class or type specifiers
codec.cpp(24) : error C2501: 'is_initialized_useful_output' : missing storage-class or type specifiers
codec.cpp(25) : error C2501: 'selected_output_node' : missing storage-class or type specifiers
codec.cpp(26) : error C2501: 'length_of_node_path' : missing storage-class or type specifiers
codec.cpp(27) : error C2501: 'afg_node_sample_capabilities' : missing storage-class or type specifiers
codec.cpp(28) : error C2501: 'afg_node_stream_format_capabilities' : missing storage-class or type specifiers
codec.cpp(29) : error C2501: 'afg_node_input_amp_capabilities' : missing storage-class or type specifiers
codec.cpp(30) : error C2501: 'afg_node_output_amp_capabilities' : missing storage-class or type specifiers