common.h(285) : error C2220: warning treated as error - no object file generated
common.h(285) : error C4003: not enough actual parameters for macro 'STDMETHOD_'
common.h(285) : error C2143: syntax error : missing ';' before '__stdcall'
common.h(285) : error C2433: 'hda_start_stream' : 'virtual' not permitted on data declarations
common.h(285) : error C2501: 'hda_start_stream' : missing storage-class or type specifiers
common.h(286) : error C2059: syntax error : '('
common.h(287) : error C2238: unexpected token(s) preceding ';'
common.h(289) : error C4003: not enough actual parameters for macro 'STDMETHOD_'
common.h(289) : error C2143: syntax error : missing ';' before '__stdcall'
common.h(289) : error C2433: 'hda_stop_stream' : 'virtual' not permitted on data declarations
common.h(289) : error C2501: 'hda_stop_stream' : missing storage-class or type specifiers
common.h(290) : error C2059: syntax error : '('
common.h(291) : error C2238: unexpected token(s) preceding ';'
common.h(296) : error C2143: syntax error : missing ';' before '/'
adapter.cpp(416) : error C2065: 'NewAdapterCommon' : undeclared identifier
common.h(285) : error C2220: warning treated as error - no object file generated